<?xml version="1.0" encoding="UTF-8"?>
<testsuite name="com.appdev.app.EcommApplicationTests" tests="1" skipped="0" failures="0" errors="0" timestamp="2024-09-08T19:29:02" hostname="GREENSABER" time="0.633">
  <properties/>
  <testcase name="contextLoads()" classname="com.appdev.app.EcommApplicationTests" time="0.633"/>
  <system-out><![CDATA[02:28:43.352 [Test worker] DEBUG org.springframework.test.context.BootstrapUtils - Instantiating CacheAwareContextLoaderDelegate from class [org.springframework.test.context.cache.DefaultCacheAwareContextLoaderDelegate]
02:28:43.394 [Test worker] DEBUG org.springframework.test.context.BootstrapUtils - Instantiating BootstrapContext using constructor [public org.springframework.test.context.support.DefaultBootstrapContext(java.lang.Class,org.springframework.test.context.CacheAwareContextLoaderDelegate)]
02:28:43.492 [Test worker] DEBUG org.springframework.test.context.BootstrapUtils - Instantiating TestContextBootstrapper for test class [com.appdev.app.EcommApplicationTests] from class [org.springframework.boot.test.context.SpringBootTestContextBootstrapper]
02:28:43.521 [Test worker] INFO org.springframework.boot.test.context.SpringBootTestContextBootstrapper - Neither @ContextConfiguration nor @ContextHierarchy found for test class [com.appdev.app.EcommApplicationTests], using SpringBootContextLoader
02:28:43.532 [Test worker] DEBUG org.springframework.test.context.support.AbstractContextLoader - Did not detect default resource location for test class [com.appdev.app.EcommApplicationTests]: class path resource [com/appdev/app/EcommApplicationTests-context.xml] does not exist
02:28:43.533 [Test worker] DEBUG org.springframework.test.context.support.AbstractContextLoader - Did not detect default resource location for test class [com.appdev.app.EcommApplicationTests]: class path resource [com/appdev/app/EcommApplicationTestsContext.groovy] does not exist
02:28:43.533 [Test worker] INFO org.springframework.test.context.support.AbstractContextLoader - Could not detect default resource locations for test class [com.appdev.app.EcommApplicationTests]: no resource found for suffixes {-context.xml, Context.groovy}.
02:28:43.535 [Test worker] INFO org.springframework.test.context.support.AnnotationConfigContextLoaderUtils - Could not detect default configuration classes for test class [com.appdev.app.EcommApplicationTests]: EcommApplicationTests does not declare any static, non-private, non-final, nested classes annotated with @Configuration.
02:28:43.694 [Test worker] DEBUG org.springframework.test.context.support.ActiveProfilesUtils - Could not find an 'annotation declaring class' for annotation type [org.springframework.test.context.ActiveProfiles] and class [com.appdev.app.EcommApplicationTests]
02:28:43.882 [Test worker] DEBUG org.springframework.context.annotation.ClassPathScanningCandidateComponentProvider - Identified candidate component class: file [C:\Users\DooDrobe\Documents\...Kerja\Test project\apibuild\build\classes\java\main\com\appdev\app\EcommApplication.class]
02:28:43.886 [Test worker] INFO org.springframework.boot.test.context.SpringBootTestContextBootstrapper - Found @SpringBootConfiguration com.appdev.app.EcommApplication for test class com.appdev.app.EcommApplicationTests
02:28:44.233 [Test worker] DEBUG org.springframework.boot.test.context.SpringBootTestContextBootstrapper - @TestExecutionListeners is not present for class [com.appdev.app.EcommApplicationTests]: using defaults.
02:28:44.235 [Test worker] INFO org.springframework.boot.test.context.SpringBootTestContextBootstrapper - Loaded default TestExecutionListener class names from location [META-INF/spring.factories]: [org.springframework.boot.test.autoconfigure.restdocs.RestDocsTestExecutionListener, org.springframework.boot.test.autoconfigure.web.client.MockRestServiceServerResetTestExecutionListener, org.springframework.boot.test.autoconfigure.web.servlet.MockMvcPrintOnlyOnFailureTestExecutionListener, org.springframework.boot.test.autoconfigure.web.servlet.WebDriverTestExecutionListener, org.springframework.boot.test.autoconfigure.webservices.client.MockWebServiceServerTestExecutionListener, org.springframework.boot.test.mock.mockito.MockitoTestExecutionListener, org.springframework.boot.test.mock.mockito.ResetMocksTestExecutionListener, org.springframework.test.context.web.ServletTestExecutionListener, org.springframework.test.context.support.DirtiesContextBeforeModesTestExecutionListener, org.springframework.test.context.event.ApplicationEventsTestExecutionListener, org.springframework.test.context.support.DependencyInjectionTestExecutionListener, org.springframework.test.context.support.DirtiesContextTestExecutionListener, org.springframework.test.context.transaction.TransactionalTestExecutionListener, org.springframework.test.context.jdbc.SqlScriptsTestExecutionListener, org.springframework.test.context.event.EventPublishingTestExecutionListener]
02:28:44.316 [Test worker] INFO org.springframework.boot.test.context.SpringBootTestContextBootstrapper - Using TestExecutionListeners: [org.springframework.test.context.web.ServletTestExecutionListener@89ff02e, org.springframework.test.context.support.DirtiesContextBeforeModesTestExecutionListener@6865c751, org.springframework.test.context.event.ApplicationEventsTestExecutionListener@62679465, org.springframework.boot.test.mock.mockito.MockitoTestExecutionListener@6a988392, org.springframework.boot.test.autoconfigure.SpringBootDependencyInjectionTestExecutionListener@1d71006f, org.springframework.test.context.support.DirtiesContextTestExecutionListener@5b6813df, org.springframework.test.context.transaction.TransactionalTestExecutionListener@5f2606b, org.springframework.test.context.jdbc.SqlScriptsTestExecutionListener@2b58f754, org.springframework.test.context.event.EventPublishingTestExecutionListener@3ebff828, org.springframework.boot.test.autoconfigure.restdocs.RestDocsTestExecutionListener@2552f2cb, org.springframework.boot.test.autoconfigure.web.client.MockRestServiceServerResetTestExecutionListener@33352f32, org.springframework.boot.test.autoconfigure.web.servlet.MockMvcPrintOnlyOnFailureTestExecutionListener@5f3b9c57, org.springframework.boot.test.autoconfigure.web.servlet.WebDriverTestExecutionListener@1e044120, org.springframework.boot.test.autoconfigure.webservices.client.MockWebServiceServerTestExecutionListener@2cf23c81, org.springframework.boot.test.mock.mockito.ResetMocksTestExecutionListener@3624da92]
02:28:44.331 [Test worker] DEBUG org.springframework.test.context.support.AbstractDirtiesContextTestExecutionListener - Before test class: context [DefaultTestContext@4fcee388 testClass = EcommApplicationTests, testInstance = [null], testMethod = [null], testException = [null], mergedContextConfiguration = [WebMergedContextConfiguration@6f80fafe testClass = EcommApplicationTests, locations = '{}', classes = '{class com.appdev.app.EcommApplication}', contextInitializerClasses = '[]', activeProfiles = '{}', propertySourceLocations = '{}', propertySourceProperties = '{org.springframework.boot.test.context.SpringBootTestContextBootstrapper=true}', contextCustomizers = set[org.springframework.boot.test.autoconfigure.actuate.metrics.MetricsExportContextCustomizerFactory$DisableMetricExportContextCustomizer@2445445a, org.springframework.boot.test.autoconfigure.properties.PropertyMappingContextCustomizer@0, org.springframework.boot.test.autoconfigure.web.servlet.WebDriverContextCustomizerFactory$Customizer@b1712f3, org.springframework.boot.test.context.filter.ExcludeFilterContextCustomizer@28ec166e, org.springframework.boot.test.json.DuplicateJsonObjectContextCustomizerFactory$DuplicateJsonObjectContextCustomizer@5629510, org.springframework.boot.test.mock.mockito.MockitoContextCustomizer@0, org.springframework.boot.test.web.client.TestRestTemplateContextCustomizer@495b0487, org.springframework.boot.test.context.SpringBootTestArgs@1, org.springframework.boot.test.context.SpringBootTestWebEnvironment@5a56cdac], resourceBasePath = 'src/main/webapp', contextLoader = 'org.springframework.boot.test.context.SpringBootContextLoader', parent = [null]], attributes = map['org.springframework.test.context.web.ServletTestExecutionListener.activateListener' -> true]], class annotated with @DirtiesContext [false] with mode [null].

  .   ____          _            __ _ _
 /\\ / ___'_ __ _ _(_)_ __  __ _ \ \ \ \
( ( )\___ | '_ | '_| | '_ \/ _` | \ \ \ \
 \\/  ___)| |_)| | | | | || (_| |  ) ) ) )
  '  |____| .__|_| |_|_| |_\__, | / / / /
 =========|_|==============|___/=/_/_/_/
 :: Spring Boot ::                (v2.6.7)

2024-09-09 02:28:45.778  INFO 11040 --- [    Test worker] com.appdev.app.EcommApplicationTests     : Starting EcommApplicationTests using Java 17.0.2 on GreenSaber with PID 11040 (started by DooDrobe in C:\Users\DooDrobe\Documents\...Kerja\Test project\apibuild)
2024-09-09 02:28:45.780  INFO 11040 --- [    Test worker] com.appdev.app.EcommApplicationTests     : No active profile set, falling back to 1 default profile: "default"
2024-09-09 02:28:47.674  INFO 11040 --- [    Test worker] .s.d.r.c.RepositoryConfigurationDelegate : Bootstrapping Spring Data JPA repositories in DEFAULT mode.
2024-09-09 02:28:47.865  INFO 11040 --- [    Test worker] .s.d.r.c.RepositoryConfigurationDelegate : Finished Spring Data repository scanning in 171 ms. Found 1 JPA repository interfaces.
2024-09-09 02:28:50.870  INFO 11040 --- [    Test worker] o.hibernate.jpa.internal.util.LogHelper  : HHH000204: Processing PersistenceUnitInfo [name: default]
2024-09-09 02:28:51.095  INFO 11040 --- [    Test worker] org.hibernate.Version                    : HHH000412: Hibernate ORM core version 5.6.8.Final
2024-09-09 02:28:51.866  INFO 11040 --- [    Test worker] o.hibernate.annotations.common.Version   : HCANN000001: Hibernate Commons Annotations {5.1.2.Final}
2024-09-09 02:28:52.313  INFO 11040 --- [    Test worker] com.zaxxer.hikari.HikariDataSource       : HikariPool-1 - Starting...
2024-09-09 02:28:52.903  INFO 11040 --- [    Test worker] com.zaxxer.hikari.HikariDataSource       : HikariPool-1 - Start completed.
2024-09-09 02:28:52.963  INFO 11040 --- [    Test worker] org.hibernate.dialect.Dialect            : HHH000400: Using dialect: org.hibernate.dialect.PostgreSQLDialect
2024-09-09 02:28:54.942  INFO 11040 --- [    Test worker] o.h.e.t.j.p.i.JtaPlatformInitiator       : HHH000490: Using JtaPlatform implementation: [org.hibernate.engine.transaction.jta.platform.internal.NoJtaPlatform]
2024-09-09 02:28:54.960  INFO 11040 --- [    Test worker] j.LocalContainerEntityManagerFactoryBean : Initialized JPA EntityManagerFactory for persistence unit 'default'
2024-09-09 02:28:56.816  WARN 11040 --- [    Test worker] JpaBaseConfiguration$JpaWebConfiguration : spring.jpa.open-in-view is enabled by default. Therefore, database queries may be performed during view rendering. Explicitly configure spring.jpa.open-in-view to disable this warning
2024-09-09 02:29:02.073  INFO 11040 --- [    Test worker] o.s.s.web.DefaultSecurityFilterChain     : Will secure any request with [org.springframework.security.web.context.request.async.WebAsyncManagerIntegrationFilter@578781f7, org.springframework.security.web.context.SecurityContextPersistenceFilter@75caecf7, org.springframework.security.web.header.HeaderWriterFilter@7fa2473a, org.springframework.security.web.csrf.CsrfFilter@6bc08a77, org.springframework.security.web.authentication.logout.LogoutFilter@1ae90cb9, org.springframework.security.web.authentication.UsernamePasswordAuthenticationFilter@4f1aa2bc, org.springframework.security.web.authentication.ui.DefaultLoginPageGeneratingFilter@2dbc66f0, org.springframework.security.web.authentication.ui.DefaultLogoutPageGeneratingFilter@7bbd944e, org.springframework.security.web.authentication.www.BasicAuthenticationFilter@43735ea0, org.springframework.security.web.savedrequest.RequestCacheAwareFilter@121c1a08, org.springframework.security.web.servletapi.SecurityContextHolderAwareRequestFilter@3013e1e8, org.springframework.security.web.authentication.AnonymousAuthenticationFilter@22e253c7, org.springframework.security.web.session.SessionManagementFilter@14af57c3, org.springframework.security.web.access.ExceptionTranslationFilter@401d83ce, org.springframework.security.web.access.intercept.FilterSecurityInterceptor@175c26ff]
2024-09-09 02:29:02.489  INFO 11040 --- [    Test worker] com.appdev.app.EcommApplicationTests     : Started EcommApplicationTests in 18.021 seconds (JVM running for 21.737)
]]></system-out>
  <system-err><![CDATA[]]></system-err>
</testsuite>
